Mar 24, 2026 1:17:34 AM util.AppLogger warn
WARNING: Login failed: tanish2@upi
Mar 24, 2026 1:18:42 AM util.AppLogger info
INFO: User registered: ravi@upi
Mar 24, 2026 1:18:59 AM util.AppLogger info
INFO: Login OK: ravi@upi
Mar 24, 2026 1:24:12 AM util.AppLogger info
INFO: User registered: ramu@upi
Mar 24, 2026 1:24:30 AM util.AppLogger info
INFO: Login OK: ramu@upi
Mar 24, 2026 1:35:48 AM util.AppLogger info
INFO: Login OK: ravi@upi
Mar 24, 2026 1:36:27 AM util.AppLogger info
INFO: Account linked: 1000 1111
Mar 24, 2026 1:36:27 AM util.AppLogger info
INFO: Link account result for userId 3: true
Mar 24, 2026 1:37:32 AM util.AppLogger info
INFO: Login OK: ramu@upi
Mar 24, 2026 1:37:57 AM util.AppLogger info
INFO: Account linked: 1000 1112
Mar 24, 2026 1:37:57 AM util.AppLogger info
INFO: Link account result for userId 4: true
Mar 24, 2026 1:41:50 AM util.AppLogger info
INFO: Login OK: ravi@upi
Mar 24, 2026 1:42:31 AM util.AppLogger info
INFO: Account linked: 1000 1122
Mar 24, 2026 1:42:31 AM util.AppLogger info
INFO: Link account result for userId 3: true
Mar 24, 2026 1:42:36 AM util.AppLogger info
INFO: Synced balance for user 3. Rows affected: 1
Mar 24, 2026 1:42:36 AM util.AppLogger info
INFO: Primary account set: accountId=5 userId=3
Mar 24, 2026 1:43:16 AM util.AppLogger info
INFO: [STATE] Transaction Initiated
Mar 24, 2026 1:43:16 AM util.AppLogger info
INFO: [STATE] Transaction Pending
Mar 24, 2026 1:43:16 AM util.AppLogger info
INFO: [STATE] Transaction Successful
Mar 24, 2026 1:43:16 AM util.AppLogger info
INFO: Transfer OK: ravi@upi -> ramu@upi ₹500.0
Mar 24, 2026 10:09:57 AM util.AppLogger info
INFO: Login OK: ravi@upi
Mar 24, 2026 10:10:50 AM util.AppLogger info
INFO: [STATE] Transaction Initiated
Mar 24, 2026 10:10:50 AM util.AppLogger info
INFO: [STATE] Transaction Pending
Mar 24, 2026 10:10:50 AM util.AppLogger info
INFO: [STATE] Transaction Successful
Mar 24, 2026 10:10:50 AM util.AppLogger info
INFO: Transfer OK: ravi@upi -> ramu@upi ₹300.0
Mar 24, 2026 10:11:27 AM util.AppLogger info
INFO: Login OK: ramu@upi
Mar 24, 2026 10:12:25 AM util.AppLogger info
INFO: [STATE] Transaction Initiated
Mar 24, 2026 10:12:25 AM util.AppLogger info
INFO: [STATE] Transaction Pending
Mar 24, 2026 10:12:25 AM util.AppLogger info
INFO: [STATE] Transaction Successful
Mar 24, 2026 10:12:25 AM util.AppLogger info
INFO: Transfer OK: ramu@upi -> ravi@upi ₹100.0
Mar 24, 2026 10:12:45 AM util.AppLogger info
INFO: Login OK: ravi@upi
Mar 24, 2026 10:13:06 AM util.AppLogger info
INFO: Synced balance for user 3. Rows affected: 1
Mar 24, 2026 10:13:06 AM util.AppLogger info
INFO: Primary account set: accountId=3 userId=3
Mar 24, 2026 10:16:02 AM util.AppLogger info
INFO: Login OK: ravi@upi
Mar 24, 2026 11:08:35 AM util.AppLogger info
INFO: User registered: amaan@upi
Mar 24, 2026 11:12:59 AM util.AppLogger info
INFO: User registered: amaan@upi
Mar 24, 2026 11:14:56 AM util.AppLogger error
SEVERE: Communications link failure

The last packet sent successfully to the server was 0 milliseconds ago. The driver has not received any packets from the server.
com.mysql.cj.jdbc.exceptions.CommunicationsException: Communications link failure

The last packet sent successfully to the server was 0 milliseconds ago. The driver has not received any packets from the server.
	at com.mysql.cj.jdbc.exceptions.SQLError.createCommunicationsException(SQLError.java:165)
	at com.mysql.cj.jdbc.exceptions.SQLExceptionsMapping.translateException(SQLExceptionsMapping.java:55)
	at com.mysql.cj.jdbc.ConnectionImpl.createNewIO(ConnectionImpl.java:840)
	at com.mysql.cj.jdbc.ConnectionImpl.<init>(ConnectionImpl.java:416)
	at com.mysql.cj.jdbc.ConnectionImpl.getInstance(ConnectionImpl.java:237)
	at com.mysql.cj.jdbc.NonRegisteringDriver.connect(NonRegisteringDriver.java:180)
	at java.sql/java.sql.DriverManager.getConnection(DriverManager.java:613)
	at java.sql/java.sql.DriverManager.getConnection(DriverManager.java:199)
	at util.DBConnection.getNewConnection(DBConnection.java:31)
	at dao.UserDAO.registerUser(UserDAO.java:12)
	at service.AuthenticationService.register(AuthenticationService.java:23)
	at ui.RegisterFrame.doRegister(RegisterFrame.java:130)
	at ui.RegisterFrame.lambda$new$0(RegisterFrame.java:80)
	at java.desktop/javax.swing.AbstractButton.fireActionPerformed(AbstractButton.java:1972)
	at java.desktop/javax.swing.AbstractButton$Handler.actionPerformed(AbstractButton.java:2314)
	at java.desktop/javax.swing.DefaultButtonModel.fireActionPerformed(DefaultButtonModel.java:407)
	at java.desktop/javax.swing.DefaultButtonModel.setPressed(DefaultButtonModel.java:262)
	at java.desktop/javax.swing.plaf.basic.BasicButtonListener.mouseReleased(BasicButtonListener.java:279)
	at java.desktop/java.awt.Component.processMouseEvent(Component.java:6576)
	at java.desktop/javax.swing.JComponent.processMouseEvent(JComponent.java:3404)
	at java.desktop/java.awt.Component.processEvent(Component.java:6341)
	at java.desktop/java.awt.Container.processEvent(Container.java:2260)
	at java.desktop/java.awt.Component.dispatchEventImpl(Component.java:4958)
	at java.desktop/java.awt.Container.dispatchEventImpl(Container.java:2318)
	at java.desktop/java.awt.Component.dispatchEvent(Component.java:4790)
	at java.desktop/java.awt.LightweightDispatcher.retargetMouseEvent(Container.java:4917)
	at java.desktop/java.awt.LightweightDispatcher.processMouseEvent(Container.java:4560)
	at java.desktop/java.awt.LightweightDispatcher.dispatchEvent(Container.java:4501)
	at java.desktop/java.awt.Container.dispatchEventImpl(Container.java:2304)
	at java.desktop/java.awt.Window.dispatchEventImpl(Window.java:2671)
	at java.desktop/java.awt.Component.dispatchEvent(Component.java:4790)
	at java.desktop/java.awt.EventQueue.dispatchEventImpl(EventQueue.java:725)
	at java.desktop/java.awt.EventQueue.dispatchEvent(EventQueue.java:702)
	at java.desktop/java.awt.EventDispatchThread.pumpOneEventForFilters(EventDispatchThread.java:203)
	at java.desktop/java.awt.EventDispatchThread.pumpEventsForFilter(EventDispatchThread.java:124)
	at java.desktop/java.awt.EventDispatchThread.pumpEventsForHierarchy(EventDispatchThread.java:113)
	at java.desktop/java.awt.EventDispatchThread.pumpEvents(EventDispatchThread.java:109)
	at java.desktop/java.awt.EventDispatchThread.pumpEvents(EventDispatchThread.java:101)
	at java.desktop/java.awt.EventDispatchThread.run(EventDispatchThread.java:90)
Caused by: com.mysql.cj.exceptions.CJCommunicationsException: Communications link failure

The last packet sent successfully to the server was 0 milliseconds ago. The driver has not received any packets from the server.
	at java.base/jdk.internal.reflect.DirectConstructorHandleAccessor.newInstance(DirectConstructorHandleAccessor.java:62)
	at java.base/java.lang.reflect.Constructor.newInstanceWithCaller(Constructor.java:499)
	at java.base/java.lang.reflect.Constructor.newInstance(Constructor.java:483)
	at com.mysql.cj.exceptions.ExceptionFactory.createException(ExceptionFactory.java:52)
	at com.mysql.cj.exceptions.ExceptionFactory.createException(ExceptionFactory.java:95)
	at com.mysql.cj.exceptions.ExceptionFactory.createException(ExceptionFactory.java:140)
	at com.mysql.cj.exceptions.ExceptionFactory.createCommunicationsException(ExceptionFactory.java:156)
	at com.mysql.cj.protocol.a.NativeProtocol.readMessage(NativeProtocol.java:590)
	at com.mysql.cj.protocol.a.NativeProtocol.readServerCapabilities(NativeProtocol.java:515)
	at com.mysql.cj.protocol.a.NativeProtocol.beforeHandshake(NativeProtocol.java:410)
	at com.mysql.cj.protocol.a.NativeProtocol.connect(NativeProtocol.java:1332)
	at com.mysql.cj.NativeSession.connect(NativeSession.java:155)
	at com.mysql.cj.jdbc.ConnectionImpl.connectOneTryOnly(ConnectionImpl.java:964)
	at com.mysql.cj.jdbc.ConnectionImpl.createNewIO(ConnectionImpl.java:828)
	... 36 more
Caused by: java.net.SocketException: An established connection was aborted by the software in your host machine
	at java.base/sun.nio.ch.SocketDispatcher.read0(Native Method)
	at java.base/sun.nio.ch.SocketDispatcher.read(SocketDispatcher.java:47)
	at java.base/sun.nio.ch.NioSocketImpl.tryRead(NioSocketImpl.java:255)
	at java.base/sun.nio.ch.NioSocketImpl.implRead(NioSocketImpl.java:305)
	at java.base/sun.nio.ch.NioSocketImpl.read(NioSocketImpl.java:354)
	at java.base/sun.nio.ch.NioSocketImpl$1.read(NioSocketImpl.java:798)
	at java.base/java.net.Socket$SocketInputStream.implRead(Socket.java:974)
	at java.base/java.net.Socket$SocketInputStream.read(Socket.java:964)
	at com.mysql.cj.protocol.ReadAheadInputStream.fill(ReadAheadInputStream.java:91)
	at com.mysql.cj.protocol.ReadAheadInputStream.readFromUnderlyingStreamIfNecessary(ReadAheadInputStream.java:130)
	at com.mysql.cj.protocol.ReadAheadInputStream.read(ReadAheadInputStream.java:157)
	at java.base/java.io.FilterInputStream.read(FilterInputStream.java:119)
	at com.mysql.cj.protocol.FullReadInputStream.readFully(FullReadInputStream.java:55)
	at com.mysql.cj.protocol.a.SimplePacketReader.readHeaderLocal(SimplePacketReader.java:72)
	at com.mysql.cj.protocol.a.SimplePacketReader.readHeader(SimplePacketReader.java:54)
	at com.mysql.cj.protocol.a.SimplePacketReader.readHeader(SimplePacketReader.java:36)
	at com.mysql.cj.protocol.a.NativeProtocol.readMessage(NativeProtocol.java:584)
	... 42 more

Mar 24, 2026 11:14:56 AM util.AppLogger error
SEVERE: Cannot invoke "java.sql.Connection.prepareStatement(String)" because "c" is null
java.lang.NullPointerException: Cannot invoke "java.sql.Connection.prepareStatement(String)" because "c" is null
	at dao.UserDAO.registerUser(UserDAO.java:13)
	at service.AuthenticationService.register(AuthenticationService.java:23)
	at ui.RegisterFrame.doRegister(RegisterFrame.java:130)
	at ui.RegisterFrame.lambda$new$0(RegisterFrame.java:80)
	at java.desktop/javax.swing.AbstractButton.fireActionPerformed(AbstractButton.java:1972)
	at java.desktop/javax.swing.AbstractButton$Handler.actionPerformed(AbstractButton.java:2314)
	at java.desktop/javax.swing.DefaultButtonModel.fireActionPerformed(DefaultButtonModel.java:407)
	at java.desktop/javax.swing.DefaultButtonModel.setPressed(DefaultButtonModel.java:262)
	at java.desktop/javax.swing.plaf.basic.BasicButtonListener.mouseReleased(BasicButtonListener.java:279)
	at java.desktop/java.awt.Component.processMouseEvent(Component.java:6576)
	at java.desktop/javax.swing.JComponent.processMouseEvent(JComponent.java:3404)
	at java.desktop/java.awt.Component.processEvent(Component.java:6341)
	at java.desktop/java.awt.Container.processEvent(Container.java:2260)
	at java.desktop/java.awt.Component.dispatchEventImpl(Component.java:4958)
	at java.desktop/java.awt.Container.dispatchEventImpl(Container.java:2318)
	at java.desktop/java.awt.Component.dispatchEvent(Component.java:4790)
	at java.desktop/java.awt.LightweightDispatcher.retargetMouseEvent(Container.java:4917)
	at java.desktop/java.awt.LightweightDispatcher.processMouseEvent(Container.java:4560)
	at java.desktop/java.awt.LightweightDispatcher.dispatchEvent(Container.java:4501)
	at java.desktop/java.awt.Container.dispatchEventImpl(Container.java:2304)
	at java.desktop/java.awt.Window.dispatchEventImpl(Window.java:2671)
	at java.desktop/java.awt.Component.dispatchEvent(Component.java:4790)
	at java.desktop/java.awt.EventQueue.dispatchEventImpl(EventQueue.java:725)
	at java.desktop/java.awt.EventQueue.dispatchEvent(EventQueue.java:702)
	at java.desktop/java.awt.EventDispatchThread.pumpOneEventForFilters(EventDispatchThread.java:203)
	at java.desktop/java.awt.EventDispatchThread.pumpEventsForFilter(EventDispatchThread.java:124)
	at java.desktop/java.awt.EventDispatchThread.pumpEventsForHierarchy(EventDispatchThread.java:113)
	at java.desktop/java.awt.EventDispatchThread.pumpEvents(EventDispatchThread.java:109)
	at java.desktop/java.awt.EventDispatchThread.pumpEvents(EventDispatchThread.java:101)
	at java.desktop/java.awt.EventDispatchThread.run(EventDispatchThread.java:90)

Mar 24, 2026 11:15:12 AM util.AppLogger info
INFO: User registered: tanish@upi
Mar 24, 2026 11:15:28 AM util.AppLogger info
INFO: Login OK: tanish@upi
Mar 24, 2026 11:16:26 AM util.AppLogger info
INFO: Account linked: 1010 1010 1111
Mar 24, 2026 11:16:27 AM util.AppLogger info
INFO: Synced balance for user 4. Rows affected: 1
Mar 24, 2026 11:16:27 AM util.AppLogger info
INFO: Link account result for userId 4: true
Mar 24, 2026 11:17:47 AM util.AppLogger info
INFO: Login OK: amaan@upi
Mar 24, 2026 11:18:28 AM util.AppLogger info
INFO: Account linked: 1010 1101 1202
Mar 24, 2026 11:18:29 AM util.AppLogger info
INFO: Synced balance for user 3. Rows affected: 1
Mar 24, 2026 11:18:29 AM util.AppLogger info
INFO: Link account result for userId 3: true
Mar 24, 2026 11:19:27 AM util.AppLogger info
INFO: [STATE] Transaction Initiated
Mar 24, 2026 11:19:28 AM util.AppLogger info
INFO: [STATE] Transaction Pending
Mar 24, 2026 11:19:29 AM util.AppLogger info
INFO: [STATE] Transaction Successful
Mar 24, 2026 11:19:29 AM util.AppLogger info
INFO: Transfer OK: amaan@upi -> tanish@upi ₹5000.0
Mar 24, 2026 11:19:55 AM util.AppLogger info
INFO: Login OK: tanish@upi
